[1122/120732.155:ERROR:directory_reader_win.cc(43)] FindFirstFile: The system cannot find the path specified. (0x3)
[1122/211437.621:ERROR:directory_reader_win.cc(43)] FindFirstFile: The system cannot find the path specified. (0x3)
[1122/212452.136:ERROR:filesystem_win.cc(148)] DeleteFile C:\Users\user\AppData\Local\Google\Chrome\User Data\Crashpad\reports\b307ccdd-2e1f-4231-9275-173905cdb58e.dmp: The process cannot access the file because it is being used by another process. (0x20)
[1122/221745.634:ERROR:directory_reader_win.cc(43)] FindFirstFile: The system cannot find the path specified. (0x3)
[1123/122405.906:ERROR:directory_reader_win.cc(43)] FindFirstFile: The system cannot find the path specified. (0x3)
[1123/132711.850:ERROR:directory_reader_win.cc(43)] FindFirstFile: The system cannot find the path specified. (0x3)
[1123/221001.712:ERROR:process_info.cc(359)] UncheckedAllocate
[1123/222048.011:ERROR:directory_reader_win.cc(43)] FindFirstFile: The system cannot find the path specified. (0x3)
[1123/223213.396:ERROR:directory_reader_win.cc(43)] FindFirstFile: The system cannot find the path specified. (0x3)
[1123/234738.145:ERROR:filesystem_win.cc(148)] DeleteFile C:\Users\user\AppData\Local\Google\Chrome\User Data\Crashpad\reports\3b2e69b1-c0be-416c-876d-53385085e38a.dmp: The process cannot access the file because it is being used by another process. (0x20)
[1124/121552.357:ERROR:directory_reader_win.cc(43)] FindFirstFile: The system cannot find the path specified. (0x3)
[1124/122347.795:ERROR:process_info.cc(359)] UncheckedAllocate
[1124/122704.323:ERROR:process_info.cc(359)] UncheckedAllocate
[1124/122936.076:ERROR:process_info.cc(359)] UncheckedAllocate
[1124/123059.939:ERROR:directory_reader_win.cc(43)] FindFirstFile: The system cannot find the path specified. (0x3)
[1124/124304.991:ERROR:process_info.cc(359)] UncheckedAllocate
[1124/125002.457:ERROR:directory_reader_win.cc(43)] FindFirstFile: The system cannot find the path specified. (0x3)
[1124/125602.442:ERROR:process_info.cc(359)] UncheckedAllocate
[1128/121600.527:ERROR:filesystem_win.cc(148)] DeleteFile C:\Users\user\AppData\Local\Google\Chrome\User Data\Crashpad\reports\4e3e5f2e-f7a5-48f2-b48f-66e9ee85eb84.dmp: The process cannot access the file because it is being used by another process. (0x20)
[1128/125911.960:ERROR:directory_reader_win.cc(43)] FindFirstFile: The system cannot find the path specified. (0x3)
[1128/131544.308:ERROR:filesystem_win.cc(148)] DeleteFile C:\Users\user\AppData\Local\Google\Chrome\User Data\Crashpad\reports\38e7a85d-f8d1-4d58-92ac-0213f580e7f4.dmp: The process cannot access the file because it is being used by another process. (0x20)
[1129/121236.770:ERROR:directory_reader_win.cc(43)] FindFirstFile: The system cannot find the path specified. (0x3)
[1129/223604.797:ERROR:process_reader_win.cc(123)] NtOpenThread: {Access Denied} A process has requested access to an object, but has not been granted those access rights. (0xc0000022)
[1129/223604.797:ERROR:process_reader_win.cc(123)] NtOpenThread: {Access Denied} A process has requested access to an object, but has not been granted those access rights. (0xc0000022)
[1129/223604.805:ERROR:exception_snapshot_win.cc(99)] thread ID 16268 not found in process
[1129/223604.805:ERROR:exception_snapshot_win.cc(99)] thread ID 10728 not found in process
[1129/223604.808:ERROR:process_reader_win.cc(123)] NtOpenThread: {Access Denied} A process has requested access to an object, but has not been granted those access rights. (0xc0000022)
[1129/223604.808:ERROR:exception_snapshot_win.cc(99)] thread ID 9236 not found in process
